C51 COMPILER V9.01   CAR_RECEIVE                                                           04/21/2015 20:33:27 PAGE 1   


C51 COMPILER V9.01, COMPILATION OF MODULE CAR_RECEIVE
OBJECT MODULE PLACED IN Car Receive.OBJ
COMPILER INVOKED BY: D:\Keil\C51\BIN\C51.EXE Car Receive.c BROWSE DEBUG OBJECTEXTEND

line level    source

   1          #include "c89.h"
   2          #include "depend.h"
   3          
   4          #define uchar unsigned char
   5          #define uint unsigned int
   6          
   7          void delay(uint n);
   8          
   9          void int_uart(void);
  10          Byte rec_Data=0;
  11          
  12          void main()
  13          {
  14   1              int_uart();
  15   1              while(1)
  16   1              {
  17   2                      P0=rec_Data;
  18   2                      P1=rec_Data;
  19   2              }
  20   1      }
  21          
  22          /**********************************/
  23          void int_uart(void) 
  24          { 
  25   1              SCON = 0x50 ; 
  26   1              TMOD = 0x20 ; 
  27   1              TH1 = 0xfd ; 
  28   1              TL1 = 0xfd ;
  29   1              IE  = 0x90 ; 
  30   1              EA=1;
  31   1              TR1 = 1 ; 
  32   1      }
  33          
  34          /*********************************/
  35          void uart_receive(void) interrupt 4
  36          {
  37   1              RI=0;
  38   1              rec_Data=SBUF;
  39   1              RI=0;
  40   1      }
  41          


MODULE INFORMATION:   STATIC OVERLAYABLE
   CODE SIZE        =     39    ----
   CONSTANT SIZE    =   ----    ----
   XDATA SIZE       =   ----    ----
   PDATA SIZE       =   ----    ----
   DATA SIZE        =      1    ----
   IDATA SIZE       =   ----    ----
   BIT SIZE         =   ----    ----
END OF MODULE INFORMATION.


C51 COMPILATION COMPLETE.  0 WARNING(S),  0 ERROR(S)
